{"/Users/silasokpugie/libraryApp.io/app.js": {"path":"/Users/silasokpugie/libraryApp.io/app.js","statementMap":{"0":{"start":{"line":10,"column":0},"end":{"line":10,"column":16}},"1":{"start":{"line":12,"column":25},"end":{"line":12,"column":46}},"2":{"start":{"line":13,"column":12},"end":{"line":13,"column":21}},"3":{"start":{"line":14,"column":0},"end":{"line":14,"column":16}},"4":{"start":{"line":15,"column":0},"end":{"line":15,"column":23}},"5":{"start":{"line":16,"column":0},"end":{"line":16,"column":24}},"6":{"start":{"line":17,"column":0},"end":{"line":17,"column":48}},"7":{"start":{"line":18,"column":0},"end":{"line":18,"column":27}},"8":{"start":{"line":19,"column":0},"end":{"line":19,"column":20}},"9":{"start":{"line":20,"column":0},"end":{"line":20,"column":20}},"10":{"start":{"line":22,"column":0},"end":{"line":22,"column":90}},"11":{"start":{"line":22,"column":27},"end":{"line":22,"column":88}}},"fnMap":{"0":{"name":"(anonymous_0)","decl":{"start":{"line":22,"column":13},"end":{"line":22,"column":14}},"loc":{"start":{"line":22,"column":27},"end":{"line":22,"column":88}},"line":22}},"branchMap":{},"s":{"0":2,"1":2,"2":2,"3":2,"4":2,"5":2,"6":2,"7":2,"8":2,"9":2,"10":2,"11":0},"f":{"0":0},"b":{},"_coverageSchema":"1a1c01bbd47fc00a2c39e90264f33305004495a9","hash":"0cef56bbe2e5b783441dafe47a8b290d7a3f520d"}
,"/Users/silasokpugie/libraryApp.io/auth/jwtAuthentication.js": {"path":"/Users/silasokpugie/libraryApp.io/auth/jwtAuthentication.js","statementMap":{"0":{"start":{"line":3,"column":20},"end":{"line":12,"column":1}},"1":{"start":{"line":4,"column":16},"end":{"line":4,"column":41}},"2":{"start":{"line":5,"column":2},"end":{"line":5,"column":72}},"3":{"start":{"line":5,"column":14},"end":{"line":5,"column":72}},"4":{"start":{"line":7,"column":2},"end":{"line":11,"column":5}},"5":{"start":{"line":8,"column":4},"end":{"line":8,"column":71}},"6":{"start":{"line":8,"column":13},"end":{"line":8,"column":71}},"7":{"start":{"line":9,"column":4},"end":{"line":9,"column":20}},"8":{"start":{"line":10,"column":4},"end":{"line":10,"column":11}}},"fnMap":{"0":{"name":"(anonymous_0)","decl":{"start":{"line":3,"column":20},"end":{"line":3,"column":21}},"loc":{"start":{"line":3,"column":40},"end":{"line":12,"column":1}},"line":3},"1":{"name":"(anonymous_1)","decl":{"start":{"line":7,"column":44},"end":{"line":7,"column":45}},"loc":{"start":{"line":7,"column":59},"end":{"line":11,"column":3}},"line":7}},"branchMap":{"0":{"loc":{"start":{"line":5,"column":2},"end":{"line":5,"column":72}},"type":"if","locations":[{"start":{"line":5,"column":2},"end":{"line":5,"column":72}},{"start":{},"end":{}}],"line":5},"1":{"loc":{"start":{"line":8,"column":4},"end":{"line":8,"column":71}},"type":"if","locations":[{"start":{"line":8,"column":4},"end":{"line":8,"column":71}},{"start":{},"end":{}}],"line":8}},"s":{"0":2,"1":19,"2":19,"3":1,"4":18,"5":18,"6":1,"7":17,"8":17},"f":{"0":19,"1":18},"b":{"0":[1,18],"1":[1,17]},"_coverageSchema":"1a1c01bbd47fc00a2c39e90264f33305004495a9","hash":"2f3a8337a2827da082a68849e97b15b141668ba5"}
,"/Users/silasokpugie/libraryApp.io/config/database.js": {"path":"/Users/silasokpugie/libraryApp.io/config/database.js","statementMap":{"0":{"start":{"line":4,"column":0},"end":{"line":4,"column":16}},"1":{"start":{"line":6,"column":28},"end":{"line":6,"column":73}},"2":{"start":{"line":6,"column":34},"end":{"line":6,"column":73}},"3":{"start":{"line":8,"column":18},"end":{"line":11,"column":1}}},"fnMap":{"0":{"name":"(anonymous_0)","decl":{"start":{"line":6,"column":28},"end":{"line":6,"column":29}},"loc":{"start":{"line":6,"column":34},"end":{"line":6,"column":73}},"line":6}},"branchMap":{},"s":{"0":2,"1":2,"2":4,"3":2},"f":{"0":4},"b":{},"_coverageSchema":"1a1c01bbd47fc00a2c39e90264f33305004495a9","hash":"3291e05a78f116552dcf248188eaa77eaad60202"}
,"/Users/silasokpugie/libraryApp.io/controllers/books.controllers.js": {"path":"/Users/silasokpugie/libraryApp.io/controllers/books.controllers.js","statementMap":{"0":{"start":{"line":7,"column":22},"end":{"line":7,"column":54}},"1":{"start":{"line":9,"column":0},"end":{"line":13,"column":3}},"2":{"start":{"line":15,"column":26},"end":{"line":39,"column":1}},"3":{"start":{"line":16,"column":2},"end":{"line":38,"column":3}},"4":{"start":{"line":17,"column":23},"end":{"line":17,"column":70}},"5":{"start":{"line":18,"column":4},"end":{"line":30,"column":7}},"6":{"start":{"line":31,"column":4},"end":{"line":33,"column":7}},"7":{"start":{"line":35,"column":4},"end":{"line":37,"column":7}},"8":{"start":{"line":41,"column":27},"end":{"line":50,"column":1}},"9":{"start":{"line":42,"column":2},"end":{"line":49,"column":3}},"10":{"start":{"line":43,"column":18},"end":{"line":45,"column":6}},"11":{"start":{"line":46,"column":4},"end":{"line":46,"column":54}},"12":{"start":{"line":46,"column":15},"end":{"line":46,"column":54}},"13":{"start":{"line":48,"column":4},"end":{"line":48,"column":41}},"14":{"start":{"line":52,"column":27},"end":{"line":59,"column":1}},"15":{"start":{"line":53,"column":17},"end":{"line":53,"column":27}},"16":{"start":{"line":54,"column":15},"end":{"line":56,"column":4}},"17":{"start":{"line":57,"column":2},"end":{"line":57,"column":59}},"18":{"start":{"line":57,"column":13},"end":{"line":57,"column":59}},"19":{"start":{"line":58,"column":2},"end":{"line":58,"column":40}},"20":{"start":{"line":61,"column":30},"end":{"line":80,"column":1}},"21":{"start":{"line":62,"column":2},"end":{"line":79,"column":3}},"22":{"start":{"line":63,"column":19},"end":{"line":63,"column":29}},"23":{"start":{"line":64,"column":23},"end":{"line":64,"column":70}},"24":{"start":{"line":65,"column":27},"end":{"line":71,"column":5}},"25":{"start":{"line":72,"column":4},"end":{"line":76,"column":10}},"26":{"start":{"line":73,"column":24},"end":{"line":76,"column":8}},"27":{"start":{"line":78,"column":4},"end":{"line":78,"column":68}},"28":{"start":{"line":82,"column":32},"end":{"line":97,"column":1}},"29":{"start":{"line":83,"column":2},"end":{"line":96,"column":3}},"30":{"start":{"line":84,"column":19},"end":{"line":84,"column":29}},"31":{"start":{"line":85,"column":23},"end":{"line":85,"column":70}},"32":{"start":{"line":86,"column":26},"end":{"line":88,"column":5}},"33":{"start":{"line":89,"column":4},"end":{"line":93,"column":10}},"34":{"start":{"line":90,"column":24},"end":{"line":93,"column":8}},"35":{"start":{"line":95,"column":4},"end":{"line":95,"column":69}},"36":{"start":{"line":99,"column":26},"end":{"line":107,"column":1}},"37":{"start":{"line":100,"column":2},"end":{"line":106,"column":3}},"38":{"start":{"line":101,"column":19},"end":{"line":101,"column":29}},"39":{"start":{"line":102,"column":4},"end":{"line":102,"column":42}},"40":{"start":{"line":103,"column":4},"end":{"line":103,"column":83}},"41":{"start":{"line":105,"column":4},"end":{"line":105,"column":63}},"42":{"start":{"line":109,"column":24},"end":{"line":133,"column":1}},"43":{"start":{"line":110,"column":2},"end":{"line":132,"column":3}},"44":{"start":{"line":111,"column":19},"end":{"line":111,"column":27}},"45":{"start":{"line":112,"column":27},"end":{"line":112,"column":35}},"46":{"start":{"line":113,"column":21},"end":{"line":116,"column":5}},"47":{"start":{"line":117,"column":4},"end":{"line":117,"column":34}},"48":{"start":{"line":118,"column":26},"end":{"line":118,"column":63}},"49":{"start":{"line":119,"column":4},"end":{"line":119,"column":83}},"50":{"start":{"line":119,"column":24},"end":{"line":119,"column":83}},"51":{"start":{"line":120,"column":25},"end":{"line":120,"column":96}},"52":{"start":{"line":121,"column":4},"end":{"line":123,"column":5}},"53":{"start":{"line":122,"column":6},"end":{"line":122,"column":78}},"54":{"start":{"line":124,"column":4},"end":{"line":128,"column":7}},"55":{"start":{"line":129,"column":4},"end":{"line":129,"column":87}},"56":{"start":{"line":131,"column":4},"end":{"line":131,"column":41}},"57":{"start":{"line":135,"column":26},"end":{"line":157,"column":1}},"58":{"start":{"line":136,"column":2},"end":{"line":156,"column":3}},"59":{"start":{"line":137,"column":27},"end":{"line":137,"column":35}},"60":{"start":{"line":138,"column":21},"end":{"line":141,"column":5}},"61":{"start":{"line":142,"column":4},"end":{"line":142,"column":34}},"62":{"start":{"line":143,"column":24},"end":{"line":145,"column":5}},"63":{"start":{"line":146,"column":4},"end":{"line":153,"column":10}},"64":{"start":{"line":150,"column":24},"end":{"line":153,"column":8}},"65":{"start":{"line":155,"column":4},"end":{"line":155,"column":41}},"66":{"start":{"line":159,"column":31},"end":{"line":178,"column":1}},"67":{"start":{"line":160,"column":2},"end":{"line":177,"column":3}},"68":{"start":{"line":161,"column":27},"end":{"line":161,"column":35}},"69":{"start":{"line":162,"column":21},"end":{"line":165,"column":5}},"70":{"start":{"line":166,"column":4},"end":{"line":166,"column":34}},"71":{"start":{"line":167,"column":28},"end":{"line":173,"column":6}},"72":{"start":{"line":174,"column":4},"end":{"line":174,"column":53}},"73":{"start":{"line":176,"column":4},"end":{"line":176,"column":41}}},"fnMap":{"0":{"name":"(anonymous_0)","decl":{"start":{"line":15,"column":26},"end":{"line":15,"column":27}},"loc":{"start":{"line":15,"column":46},"end":{"line":39,"column":1}},"line":15},"1":{"name":"(anonymous_1)","decl":{"start":{"line":41,"column":27},"end":{"line":41,"column":28}},"loc":{"start":{"line":41,"column":47},"end":{"line":50,"column":1}},"line":41},"2":{"name":"(anonymous_2)","decl":{"start":{"line":52,"column":27},"end":{"line":52,"column":28}},"loc":{"start":{"line":52,"column":47},"end":{"line":59,"column":1}},"line":52},"3":{"name":"(anonymous_3)","decl":{"start":{"line":61,"column":30},"end":{"line":61,"column":31}},"loc":{"start":{"line":61,"column":50},"end":{"line":80,"column":1}},"line":61},"4":{"name":"(anonymous_4)","decl":{"start":{"line":73,"column":12},"end":{"line":73,"column":13}},"loc":{"start":{"line":73,"column":24},"end":{"line":76,"column":8}},"line":73},"5":{"name":"(anonymous_5)","decl":{"start":{"line":82,"column":32},"end":{"line":82,"column":33}},"loc":{"start":{"line":82,"column":52},"end":{"line":97,"column":1}},"line":82},"6":{"name":"(anonymous_6)","decl":{"start":{"line":90,"column":12},"end":{"line":90,"column":13}},"loc":{"start":{"line":90,"column":24},"end":{"line":93,"column":8}},"line":90},"7":{"name":"(anonymous_7)","decl":{"start":{"line":99,"column":26},"end":{"line":99,"column":27}},"loc":{"start":{"line":99,"column":46},"end":{"line":107,"column":1}},"line":99},"8":{"name":"(anonymous_8)","decl":{"start":{"line":109,"column":24},"end":{"line":109,"column":25}},"loc":{"start":{"line":109,"column":44},"end":{"line":133,"column":1}},"line":109},"9":{"name":"(anonymous_9)","decl":{"start":{"line":135,"column":26},"end":{"line":135,"column":27}},"loc":{"start":{"line":135,"column":46},"end":{"line":157,"column":1}},"line":135},"10":{"name":"(anonymous_10)","decl":{"start":{"line":150,"column":12},"end":{"line":150,"column":13}},"loc":{"start":{"line":150,"column":24},"end":{"line":153,"column":8}},"line":150},"11":{"name":"(anonymous_11)","decl":{"start":{"line":159,"column":31},"end":{"line":159,"column":32}},"loc":{"start":{"line":159,"column":51},"end":{"line":178,"column":1}},"line":159}},"branchMap":{"0":{"loc":{"start":{"line":46,"column":4},"end":{"line":46,"column":54}},"type":"if","locations":[{"start":{"line":46,"column":4},"end":{"line":46,"column":54}},{"start":{},"end":{}}],"line":46},"1":{"loc":{"start":{"line":57,"column":2},"end":{"line":57,"column":59}},"type":"if","locations":[{"start":{"line":57,"column":2},"end":{"line":57,"column":59}},{"start":{},"end":{}}],"line":57},"2":{"loc":{"start":{"line":119,"column":4},"end":{"line":119,"column":83}},"type":"if","locations":[{"start":{"line":119,"column":4},"end":{"line":119,"column":83}},{"start":{},"end":{}}],"line":119},"3":{"loc":{"start":{"line":121,"column":4},"end":{"line":123,"column":5}},"type":"if","locations":[{"start":{"line":121,"column":4},"end":{"line":123,"column":5}},{"start":{},"end":{}}],"line":121}},"s":{"0":2,"1":2,"2":2,"3":2,"4":2,"5":2,"6":2,"7":0,"8":2,"9":1,"10":1,"11":1,"12":1,"13":0,"14":2,"15":1,"16":1,"17":1,"18":0,"19":1,"20":2,"21":2,"22":2,"23":2,"24":1,"25":1,"26":1,"27":1,"28":2,"29":2,"30":2,"31":2,"32":1,"33":1,"34":1,"35":1,"36":2,"37":1,"38":1,"39":1,"40":1,"41":0,"42":2,"43":4,"44":4,"45":4,"46":4,"47":4,"48":3,"49":3,"50":1,"51":2,"52":2,"53":1,"54":1,"55":1,"56":1,"57":2,"58":2,"59":2,"60":2,"61":2,"62":1,"63":1,"64":1,"65":1,"66":2,"67":2,"68":2,"69":2,"70":2,"71":1,"72":1,"73":1},"f":{"0":2,"1":1,"2":1,"3":2,"4":1,"5":2,"6":1,"7":1,"8":4,"9":2,"10":1,"11":2},"b":{"0":[1,0],"1":[0,1],"2":[1,2],"3":[1,1]},"_coverageSchema":"1a1c01bbd47fc00a2c39e90264f33305004495a9","hash":"8e16ac331327adc0b0fb5e719a43a8cd710d7734"}
,"/Users/silasokpugie/libraryApp.io/controllers/user.controllers.js": {"path":"/Users/silasokpugie/libraryApp.io/controllers/user.controllers.js","statementMap":{"0":{"start":{"line":5,"column":26},"end":{"line":28,"column":1}},"1":{"start":{"line":6,"column":2},"end":{"line":27,"column":3}},"2":{"start":{"line":7,"column":20},"end":{"line":7,"column":76}},"3":{"start":{"line":8,"column":4},"end":{"line":10,"column":5}},"4":{"start":{"line":9,"column":6},"end":{"line":9,"column":83}},"5":{"start":{"line":11,"column":17},"end":{"line":11,"column":39}},"6":{"start":{"line":12,"column":27},"end":{"line":12,"column":69}},"7":{"start":{"line":13,"column":20},"end":{"line":17,"column":6}},"8":{"start":{"line":18,"column":20},"end":{"line":18,"column":66}},"9":{"start":{"line":19,"column":18},"end":{"line":19,"column":59}},"10":{"start":{"line":20,"column":4},"end":{"line":23,"column":7}},"11":{"start":{"line":25,"column":4},"end":{"line":25,"column":20}},"12":{"start":{"line":26,"column":4},"end":{"line":26,"column":70}},"13":{"start":{"line":30,"column":21},"end":{"line":50,"column":1}},"14":{"start":{"line":31,"column":2},"end":{"line":49,"column":3}},"15":{"start":{"line":32,"column":32},"end":{"line":32,"column":40}},"16":{"start":{"line":33,"column":4},"end":{"line":35,"column":5}},"17":{"start":{"line":34,"column":6},"end":{"line":34,"column":70}},"18":{"start":{"line":36,"column":19},"end":{"line":36,"column":59}},"19":{"start":{"line":37,"column":28},"end":{"line":37,"column":75}},"20":{"start":{"line":38,"column":4},"end":{"line":45,"column":5}},"21":{"start":{"line":39,"column":31},"end":{"line":39,"column":37}},"22":{"start":{"line":40,"column":20},"end":{"line":40,"column":70}},"23":{"start":{"line":41,"column":6},"end":{"line":44,"column":9}},"24":{"start":{"line":46,"column":4},"end":{"line":46,"column":68}},"25":{"start":{"line":48,"column":4},"end":{"line":48,"column":75}},"26":{"start":{"line":52,"column":30},"end":{"line":56,"column":1}},"27":{"start":{"line":53,"column":2},"end":{"line":55,"column":3}},"28":{"start":{"line":54,"column":4},"end":{"line":54,"column":37}}},"fnMap":{"0":{"name":"(anonymous_0)","decl":{"start":{"line":5,"column":26},"end":{"line":5,"column":27}},"loc":{"start":{"line":5,"column":46},"end":{"line":28,"column":1}},"line":5},"1":{"name":"(anonymous_1)","decl":{"start":{"line":30,"column":21},"end":{"line":30,"column":22}},"loc":{"start":{"line":30,"column":41},"end":{"line":50,"column":1}},"line":30},"2":{"name":"(anonymous_2)","decl":{"start":{"line":52,"column":30},"end":{"line":52,"column":31}},"loc":{"start":{"line":52,"column":49},"end":{"line":56,"column":1}},"line":52}},"branchMap":{"0":{"loc":{"start":{"line":8,"column":4},"end":{"line":10,"column":5}},"type":"if","locations":[{"start":{"line":8,"column":4},"end":{"line":10,"column":5}},{"start":{},"end":{}}],"line":8},"1":{"loc":{"start":{"line":33,"column":4},"end":{"line":35,"column":5}},"type":"if","locations":[{"start":{"line":33,"column":4},"end":{"line":35,"column":5}},{"start":{},"end":{}}],"line":33},"2":{"loc":{"start":{"line":33,"column":10},"end":{"line":33,"column":27}},"type":"binary-expr","locations":[{"start":{"line":33,"column":10},"end":{"line":33,"column":15}},{"start":{"line":33,"column":19},"end":{"line":33,"column":27}}],"line":33},"3":{"loc":{"start":{"line":38,"column":4},"end":{"line":45,"column":5}},"type":"if","locations":[{"start":{"line":38,"column":4},"end":{"line":45,"column":5}},{"start":{},"end":{}}],"line":38},"4":{"loc":{"start":{"line":38,"column":8},"end":{"line":38,"column":33}},"type":"binary-expr","locations":[{"start":{"line":38,"column":8},"end":{"line":38,"column":14}},{"start":{"line":38,"column":18},"end":{"line":38,"column":33}}],"line":38},"5":{"loc":{"start":{"line":53,"column":2},"end":{"line":55,"column":3}},"type":"if","locations":[{"start":{"line":53,"column":2},"end":{"line":55,"column":3}},{"start":{},"end":{}}],"line":53}},"s":{"0":2,"1":8,"2":8,"3":6,"4":2,"5":4,"6":4,"7":4,"8":4,"9":4,"10":4,"11":2,"12":2,"13":2,"14":8,"15":8,"16":8,"17":2,"18":6,"19":6,"20":4,"21":2,"22":2,"23":2,"24":2,"25":2,"26":2,"27":8,"28":3},"f":{"0":8,"1":8,"2":8},"b":{"0":[2,4],"1":[2,6],"2":[8,6],"3":[2,2],"4":[4,4],"5":[3,5]},"_coverageSchema":"1a1c01bbd47fc00a2c39e90264f33305004495a9","hash":"508565b7cdc5eec2c7efc7a614f152fd08bdc0b3"}
,"/Users/silasokpugie/libraryApp.io/models/book.js": {"path":"/Users/silasokpugie/libraryApp.io/models/book.js","statementMap":{"0":{"start":{"line":4,"column":21},"end":{"line":28,"column":1}},"1":{"start":{"line":15,"column":2},"end":{"line":25,"column":5}},"2":{"start":{"line":26,"column":2},"end":{"line":26,"column":84}},"3":{"start":{"line":27,"column":2},"end":{"line":27,"column":14}},"4":{"start":{"line":30,"column":20},"end":{"line":30,"column":57}}},"fnMap":{"0":{"name":"(anonymous_0)","decl":{"start":{"line":4,"column":21},"end":{"line":4,"column":22}},"loc":{"start":{"line":4,"column":47},"end":{"line":28,"column":1}},"line":4},"1":{"name":"(anonymous_1)","decl":{"start":{"line":11,"column":4},"end":{"line":11,"column":5}},"loc":{"start":{"line":11,"column":29},"end":{"line":13,"column":5}},"line":11}},"branchMap":{},"s":{"0":2,"1":4,"2":4,"3":4,"4":2},"f":{"0":4,"1":0},"b":{},"_coverageSchema":"1a1c01bbd47fc00a2c39e90264f33305004495a9","hash":"ac9c25c685b00fc75b7e6e58c7ba84b623aef0cf"}
,"/Users/silasokpugie/libraryApp.io/models/rentedbooks.js": {"path":"/Users/silasokpugie/libraryApp.io/models/rentedbooks.js","statementMap":{"0":{"start":{"line":5,"column":24},"end":{"line":25,"column":1}},"1":{"start":{"line":16,"column":2},"end":{"line":21,"column":5}},"2":{"start":{"line":22,"column":2},"end":{"line":22,"column":117}},"3":{"start":{"line":23,"column":2},"end":{"line":23,"column":118}},"4":{"start":{"line":24,"column":2},"end":{"line":24,"column":21}},"5":{"start":{"line":27,"column":25},"end":{"line":27,"column":65}}},"fnMap":{"0":{"name":"(anonymous_0)","decl":{"start":{"line":5,"column":24},"end":{"line":5,"column":25}},"loc":{"start":{"line":5,"column":50},"end":{"line":25,"column":1}},"line":5},"1":{"name":"(anonymous_1)","decl":{"start":{"line":12,"column":4},"end":{"line":12,"column":5}},"loc":{"start":{"line":12,"column":29},"end":{"line":14,"column":5}},"line":12}},"branchMap":{},"s":{"0":2,"1":2,"2":2,"3":2,"4":2,"5":2},"f":{"0":2,"1":0},"b":{},"_coverageSchema":"1a1c01bbd47fc00a2c39e90264f33305004495a9","hash":"bbf46d3f632ddf7106df9e82168c80cd1bcd8146"}
,"/Users/silasokpugie/libraryApp.io/models/user.js": {"path":"/Users/silasokpugie/libraryApp.io/models/user.js","statementMap":{"0":{"start":{"line":4,"column":25},"end":{"line":4,"column":46}},"1":{"start":{"line":6,"column":21},"end":{"line":26,"column":1}},"2":{"start":{"line":17,"column":2},"end":{"line":24,"column":5}},"3":{"start":{"line":25,"column":2},"end":{"line":25,"column":14}},"4":{"start":{"line":28,"column":20},"end":{"line":28,"column":57}}},"fnMap":{"0":{"name":"(anonymous_0)","decl":{"start":{"line":6,"column":21},"end":{"line":6,"column":22}},"loc":{"start":{"line":6,"column":47},"end":{"line":26,"column":1}},"line":6},"1":{"name":"(anonymous_1)","decl":{"start":{"line":13,"column":4},"end":{"line":13,"column":5}},"loc":{"start":{"line":13,"column":29},"end":{"line":15,"column":5}},"line":13}},"branchMap":{},"s":{"0":2,"1":2,"2":8,"3":8,"4":2},"f":{"0":8,"1":0},"b":{},"_coverageSchema":"1a1c01bbd47fc00a2c39e90264f33305004495a9","hash":"b091ca2e4ed3b10e0b153d8b7206dfbd087fea62"}
,"/Users/silasokpugie/libraryApp.io/routes/books.routes.js": {"path":"/Users/silasokpugie/libraryApp.io/routes/books.routes.js","statementMap":{"0":{"start":{"line":8,"column":19},"end":{"line":8,"column":35}},"1":{"start":{"line":10,"column":0},"end":{"line":10,"column":82}},"2":{"start":{"line":11,"column":0},"end":{"line":11,"column":55}},"3":{"start":{"line":12,"column":0},"end":{"line":12,"column":59}},"4":{"start":{"line":13,"column":0},"end":{"line":13,"column":89}},"5":{"start":{"line":14,"column":0},"end":{"line":14,"column":97}},"6":{"start":{"line":15,"column":0},"end":{"line":15,"column":67}},"7":{"start":{"line":16,"column":0},"end":{"line":16,"column":68}},"8":{"start":{"line":17,"column":0},"end":{"line":17,"column":73}},"9":{"start":{"line":18,"column":0},"end":{"line":18,"column":61}}},"fnMap":{},"branchMap":{},"s":{"0":2,"1":2,"2":2,"3":2,"4":2,"5":2,"6":2,"7":2,"8":2,"9":2},"f":{},"b":{},"_coverageSchema":"1a1c01bbd47fc00a2c39e90264f33305004495a9","hash":"cbb422e36e10fc0464e1f2dcf25d3fd27a6186a7"}
,"/Users/silasokpugie/libraryApp.io/routes/user.routes.js": {"path":"/Users/silasokpugie/libraryApp.io/routes/user.routes.js","statementMap":{"0":{"start":{"line":4,"column":19},"end":{"line":4,"column":35}},"1":{"start":{"line":6,"column":0},"end":{"line":6,"column":49}},"2":{"start":{"line":7,"column":0},"end":{"line":7,"column":44}}},"fnMap":{},"branchMap":{},"s":{"0":2,"1":2,"2":2},"f":{},"b":{},"_coverageSchema":"1a1c01bbd47fc00a2c39e90264f33305004495a9","hash":"cca0525d015f4252561cfb57afebc01c2bc47da4"}
}
