{"/Users/silasokpugie/libraryApp.io/app.js": {"path":"/Users/silasokpugie/libraryApp.io/app.js","statementMap":{"0":{"start":{"line":10,"column":0},"end":{"line":10,"column":16}},"1":{"start":{"line":12,"column":41},"end":{"line":12,"column":52}},"2":{"start":{"line":13,"column":25},"end":{"line":15,"column":2}},"3":{"start":{"line":16,"column":12},"end":{"line":16,"column":21}},"4":{"start":{"line":17,"column":0},"end":{"line":17,"column":16}},"5":{"start":{"line":18,"column":0},"end":{"line":18,"column":23}},"6":{"start":{"line":19,"column":0},"end":{"line":19,"column":24}},"7":{"start":{"line":20,"column":0},"end":{"line":20,"column":48}},"8":{"start":{"line":21,"column":0},"end":{"line":21,"column":27}},"9":{"start":{"line":22,"column":0},"end":{"line":22,"column":20}},"10":{"start":{"line":23,"column":0},"end":{"line":23,"column":20}}},"fnMap":{},"branchMap":{},"s":{"0":2,"1":2,"2":2,"3":2,"4":2,"5":2,"6":2,"7":2,"8":2,"9":2,"10":2},"f":{},"b":{},"_coverageSchema":"1a1c01bbd47fc00a2c39e90264f33305004495a9","hash":"214320ac2042e8558f931d509d612b6f1fb58582"}
,"/Users/silasokpugie/libraryApp.io/auth/jwtAuthentication.js": {"path":"/Users/silasokpugie/libraryApp.io/auth/jwtAuthentication.js","statementMap":{"0":{"start":{"line":3,"column":20},"end":{"line":12,"column":1}},"1":{"start":{"line":4,"column":16},"end":{"line":4,"column":41}},"2":{"start":{"line":5,"column":2},"end":{"line":5,"column":52}},"3":{"start":{"line":5,"column":14},"end":{"line":5,"column":52}},"4":{"start":{"line":7,"column":2},"end":{"line":11,"column":5}},"5":{"start":{"line":8,"column":4},"end":{"line":8,"column":51}},"6":{"start":{"line":8,"column":13},"end":{"line":8,"column":51}},"7":{"start":{"line":9,"column":4},"end":{"line":9,"column":20}},"8":{"start":{"line":10,"column":4},"end":{"line":10,"column":11}}},"fnMap":{"0":{"name":"(anonymous_0)","decl":{"start":{"line":3,"column":20},"end":{"line":3,"column":21}},"loc":{"start":{"line":3,"column":40},"end":{"line":12,"column":1}},"line":3},"1":{"name":"(anonymous_1)","decl":{"start":{"line":7,"column":44},"end":{"line":7,"column":45}},"loc":{"start":{"line":7,"column":59},"end":{"line":11,"column":3}},"line":7}},"branchMap":{"0":{"loc":{"start":{"line":5,"column":2},"end":{"line":5,"column":52}},"type":"if","locations":[{"start":{"line":5,"column":2},"end":{"line":5,"column":52}},{"start":{},"end":{}}],"line":5},"1":{"loc":{"start":{"line":8,"column":4},"end":{"line":8,"column":51}},"type":"if","locations":[{"start":{"line":8,"column":4},"end":{"line":8,"column":51}},{"start":{},"end":{}}],"line":8}},"s":{"0":2,"1":19,"2":19,"3":1,"4":19,"5":19,"6":1,"7":18,"8":18},"f":{"0":19,"1":19},"b":{"0":[1,18],"1":[1,18]},"_coverageSchema":"1a1c01bbd47fc00a2c39e90264f33305004495a9","hash":"8cb155d79ff34d13b3b2415c1e648b870595d7cd"}
,"/Users/silasokpugie/libraryApp.io/config/database.js": {"path":"/Users/silasokpugie/libraryApp.io/config/database.js","statementMap":{"0":{"start":{"line":4,"column":0},"end":{"line":4,"column":16}},"1":{"start":{"line":6,"column":28},"end":{"line":12,"column":2}},"2":{"start":{"line":6,"column":66},"end":{"line":12,"column":2}},"3":{"start":{"line":14,"column":18},"end":{"line":17,"column":1}}},"fnMap":{"0":{"name":"(anonymous_0)","decl":{"start":{"line":6,"column":28},"end":{"line":6,"column":29}},"loc":{"start":{"line":6,"column":66},"end":{"line":12,"column":2}},"line":6}},"branchMap":{},"s":{"0":2,"1":2,"2":4,"3":2},"f":{"0":4},"b":{},"_coverageSchema":"1a1c01bbd47fc00a2c39e90264f33305004495a9","hash":"4b153a4e9a7eba73d59f842611da8f25047c326a"}
,"/Users/silasokpugie/libraryApp.io/controllers/books.controllers.js": {"path":"/Users/silasokpugie/libraryApp.io/controllers/books.controllers.js","statementMap":{"0":{"start":{"line":7,"column":22},"end":{"line":7,"column":54}},"1":{"start":{"line":9,"column":0},"end":{"line":13,"column":3}},"2":{"start":{"line":15,"column":26},"end":{"line":40,"column":1}},"3":{"start":{"line":16,"column":2},"end":{"line":39,"column":3}},"4":{"start":{"line":17,"column":23},"end":{"line":17,"column":70}},"5":{"start":{"line":18,"column":4},"end":{"line":30,"column":7}},"6":{"start":{"line":31,"column":4},"end":{"line":34,"column":7}},"7":{"start":{"line":36,"column":4},"end":{"line":38,"column":7}},"8":{"start":{"line":42,"column":27},"end":{"line":48,"column":1}},"9":{"start":{"line":43,"column":16},"end":{"line":45,"column":4}},"10":{"start":{"line":46,"column":2},"end":{"line":46,"column":48}},"11":{"start":{"line":46,"column":13},"end":{"line":46,"column":48}},"12":{"start":{"line":47,"column":2},"end":{"line":47,"column":52}},"13":{"start":{"line":50,"column":27},"end":{"line":57,"column":1}},"14":{"start":{"line":51,"column":17},"end":{"line":51,"column":27}},"15":{"start":{"line":52,"column":15},"end":{"line":54,"column":4}},"16":{"start":{"line":55,"column":2},"end":{"line":55,"column":59}},"17":{"start":{"line":55,"column":13},"end":{"line":55,"column":59}},"18":{"start":{"line":56,"column":2},"end":{"line":56,"column":36}},"19":{"start":{"line":59,"column":30},"end":{"line":79,"column":1}},"20":{"start":{"line":60,"column":2},"end":{"line":78,"column":3}},"21":{"start":{"line":61,"column":19},"end":{"line":61,"column":29}},"22":{"start":{"line":62,"column":23},"end":{"line":62,"column":70}},"23":{"start":{"line":63,"column":27},"end":{"line":69,"column":5}},"24":{"start":{"line":70,"column":4},"end":{"line":75,"column":10}},"25":{"start":{"line":71,"column":24},"end":{"line":75,"column":8}},"26":{"start":{"line":77,"column":4},"end":{"line":77,"column":55}},"27":{"start":{"line":81,"column":32},"end":{"line":96,"column":1}},"28":{"start":{"line":82,"column":2},"end":{"line":95,"column":3}},"29":{"start":{"line":83,"column":19},"end":{"line":83,"column":29}},"30":{"start":{"line":84,"column":23},"end":{"line":84,"column":70}},"31":{"start":{"line":85,"column":26},"end":{"line":87,"column":5}},"32":{"start":{"line":88,"column":4},"end":{"line":92,"column":10}},"33":{"start":{"line":89,"column":24},"end":{"line":92,"column":8}},"34":{"start":{"line":94,"column":4},"end":{"line":94,"column":56}},"35":{"start":{"line":98,"column":26},"end":{"line":106,"column":1}},"36":{"start":{"line":99,"column":2},"end":{"line":105,"column":3}},"37":{"start":{"line":100,"column":19},"end":{"line":100,"column":29}},"38":{"start":{"line":101,"column":4},"end":{"line":101,"column":40}},"39":{"start":{"line":102,"column":4},"end":{"line":102,"column":80}},"40":{"start":{"line":104,"column":4},"end":{"line":104,"column":63}},"41":{"start":{"line":108,"column":24},"end":{"line":132,"column":1}},"42":{"start":{"line":109,"column":2},"end":{"line":131,"column":3}},"43":{"start":{"line":110,"column":19},"end":{"line":110,"column":27}},"44":{"start":{"line":111,"column":27},"end":{"line":111,"column":35}},"45":{"start":{"line":112,"column":21},"end":{"line":115,"column":5}},"46":{"start":{"line":116,"column":4},"end":{"line":116,"column":34}},"47":{"start":{"line":117,"column":26},"end":{"line":117,"column":63}},"48":{"start":{"line":118,"column":4},"end":{"line":118,"column":83}},"49":{"start":{"line":118,"column":24},"end":{"line":118,"column":83}},"50":{"start":{"line":119,"column":25},"end":{"line":119,"column":96}},"51":{"start":{"line":120,"column":4},"end":{"line":122,"column":5}},"52":{"start":{"line":121,"column":6},"end":{"line":121,"column":78}},"53":{"start":{"line":123,"column":4},"end":{"line":127,"column":7}},"54":{"start":{"line":128,"column":4},"end":{"line":128,"column":87}},"55":{"start":{"line":130,"column":4},"end":{"line":130,"column":41}},"56":{"start":{"line":134,"column":26},"end":{"line":156,"column":1}},"57":{"start":{"line":135,"column":2},"end":{"line":155,"column":3}},"58":{"start":{"line":136,"column":27},"end":{"line":136,"column":35}},"59":{"start":{"line":137,"column":21},"end":{"line":140,"column":5}},"60":{"start":{"line":141,"column":4},"end":{"line":141,"column":34}},"61":{"start":{"line":142,"column":24},"end":{"line":144,"column":5}},"62":{"start":{"line":145,"column":4},"end":{"line":152,"column":10}},"63":{"start":{"line":149,"column":24},"end":{"line":152,"column":8}},"64":{"start":{"line":154,"column":4},"end":{"line":154,"column":41}},"65":{"start":{"line":158,"column":31},"end":{"line":177,"column":1}},"66":{"start":{"line":159,"column":2},"end":{"line":176,"column":3}},"67":{"start":{"line":160,"column":27},"end":{"line":160,"column":35}},"68":{"start":{"line":161,"column":21},"end":{"line":164,"column":5}},"69":{"start":{"line":165,"column":4},"end":{"line":165,"column":34}},"70":{"start":{"line":166,"column":28},"end":{"line":172,"column":6}},"71":{"start":{"line":173,"column":4},"end":{"line":173,"column":53}},"72":{"start":{"line":175,"column":4},"end":{"line":175,"column":41}}},"fnMap":{"0":{"name":"(anonymous_0)","decl":{"start":{"line":15,"column":26},"end":{"line":15,"column":27}},"loc":{"start":{"line":15,"column":46},"end":{"line":40,"column":1}},"line":15},"1":{"name":"(anonymous_1)","decl":{"start":{"line":42,"column":27},"end":{"line":42,"column":28}},"loc":{"start":{"line":42,"column":47},"end":{"line":48,"column":1}},"line":42},"2":{"name":"(anonymous_2)","decl":{"start":{"line":50,"column":27},"end":{"line":50,"column":28}},"loc":{"start":{"line":50,"column":47},"end":{"line":57,"column":1}},"line":50},"3":{"name":"(anonymous_3)","decl":{"start":{"line":59,"column":30},"end":{"line":59,"column":31}},"loc":{"start":{"line":59,"column":50},"end":{"line":79,"column":1}},"line":59},"4":{"name":"(anonymous_4)","decl":{"start":{"line":71,"column":12},"end":{"line":71,"column":13}},"loc":{"start":{"line":71,"column":24},"end":{"line":75,"column":8}},"line":71},"5":{"name":"(anonymous_5)","decl":{"start":{"line":81,"column":32},"end":{"line":81,"column":33}},"loc":{"start":{"line":81,"column":52},"end":{"line":96,"column":1}},"line":81},"6":{"name":"(anonymous_6)","decl":{"start":{"line":89,"column":12},"end":{"line":89,"column":13}},"loc":{"start":{"line":89,"column":24},"end":{"line":92,"column":8}},"line":89},"7":{"name":"(anonymous_7)","decl":{"start":{"line":98,"column":26},"end":{"line":98,"column":27}},"loc":{"start":{"line":98,"column":46},"end":{"line":106,"column":1}},"line":98},"8":{"name":"(anonymous_8)","decl":{"start":{"line":108,"column":24},"end":{"line":108,"column":25}},"loc":{"start":{"line":108,"column":44},"end":{"line":132,"column":1}},"line":108},"9":{"name":"(anonymous_9)","decl":{"start":{"line":134,"column":26},"end":{"line":134,"column":27}},"loc":{"start":{"line":134,"column":46},"end":{"line":156,"column":1}},"line":134},"10":{"name":"(anonymous_10)","decl":{"start":{"line":149,"column":12},"end":{"line":149,"column":13}},"loc":{"start":{"line":149,"column":24},"end":{"line":152,"column":8}},"line":149},"11":{"name":"(anonymous_11)","decl":{"start":{"line":158,"column":31},"end":{"line":158,"column":32}},"loc":{"start":{"line":158,"column":51},"end":{"line":177,"column":1}},"line":158}},"branchMap":{"0":{"loc":{"start":{"line":46,"column":2},"end":{"line":46,"column":48}},"type":"if","locations":[{"start":{"line":46,"column":2},"end":{"line":46,"column":48}},{"start":{},"end":{}}],"line":46},"1":{"loc":{"start":{"line":55,"column":2},"end":{"line":55,"column":59}},"type":"if","locations":[{"start":{"line":55,"column":2},"end":{"line":55,"column":59}},{"start":{},"end":{}}],"line":55},"2":{"loc":{"start":{"line":118,"column":4},"end":{"line":118,"column":83}},"type":"if","locations":[{"start":{"line":118,"column":4},"end":{"line":118,"column":83}},{"start":{},"end":{}}],"line":118},"3":{"loc":{"start":{"line":120,"column":4},"end":{"line":122,"column":5}},"type":"if","locations":[{"start":{"line":120,"column":4},"end":{"line":122,"column":5}},{"start":{},"end":{}}],"line":120}},"s":{"0":2,"1":2,"2":2,"3":4,"4":4,"5":3,"6":3,"7":1,"8":2,"9":1,"10":1,"11":1,"12":0,"13":2,"14":1,"15":1,"16":1,"17":0,"18":1,"19":2,"20":2,"21":2,"22":2,"23":1,"24":1,"25":1,"26":1,"27":2,"28":2,"29":2,"30":2,"31":1,"32":1,"33":1,"34":1,"35":2,"36":1,"37":1,"38":1,"39":1,"40":0,"41":2,"42":3,"43":3,"44":3,"45":3,"46":3,"47":2,"48":2,"49":0,"50":2,"51":2,"52":1,"53":1,"54":1,"55":1,"56":2,"57":2,"58":2,"59":2,"60":2,"61":1,"62":1,"63":1,"64":1,"65":2,"66":2,"67":2,"68":2,"69":2,"70":1,"71":1,"72":1},"f":{"0":4,"1":1,"2":1,"3":2,"4":1,"5":2,"6":1,"7":1,"8":3,"9":2,"10":1,"11":2},"b":{"0":[1,0],"1":[0,1],"2":[0,2],"3":[1,1]},"_coverageSchema":"1a1c01bbd47fc00a2c39e90264f33305004495a9","hash":"ff61adf7567d7b1ac130b0f8c40eb2e72b55baa4"}
,"/Users/silasokpugie/libraryApp.io/controllers/user.controllers.js": {"path":"/Users/silasokpugie/libraryApp.io/controllers/user.controllers.js","statementMap":{"0":{"start":{"line":5,"column":26},"end":{"line":27,"column":1}},"1":{"start":{"line":6,"column":2},"end":{"line":26,"column":3}},"2":{"start":{"line":7,"column":20},"end":{"line":7,"column":76}},"3":{"start":{"line":8,"column":4},"end":{"line":10,"column":5}},"4":{"start":{"line":9,"column":6},"end":{"line":9,"column":70}},"5":{"start":{"line":11,"column":17},"end":{"line":11,"column":39}},"6":{"start":{"line":12,"column":27},"end":{"line":12,"column":69}},"7":{"start":{"line":13,"column":20},"end":{"line":17,"column":6}},"8":{"start":{"line":18,"column":20},"end":{"line":18,"column":66}},"9":{"start":{"line":19,"column":18},"end":{"line":19,"column":59}},"10":{"start":{"line":20,"column":4},"end":{"line":23,"column":7}},"11":{"start":{"line":25,"column":4},"end":{"line":25,"column":70}},"12":{"start":{"line":29,"column":21},"end":{"line":49,"column":1}},"13":{"start":{"line":30,"column":2},"end":{"line":48,"column":3}},"14":{"start":{"line":31,"column":32},"end":{"line":31,"column":40}},"15":{"start":{"line":32,"column":4},"end":{"line":34,"column":5}},"16":{"start":{"line":33,"column":6},"end":{"line":33,"column":70}},"17":{"start":{"line":35,"column":19},"end":{"line":35,"column":59}},"18":{"start":{"line":36,"column":28},"end":{"line":36,"column":75}},"19":{"start":{"line":37,"column":4},"end":{"line":44,"column":5}},"20":{"start":{"line":38,"column":31},"end":{"line":38,"column":37}},"21":{"start":{"line":39,"column":20},"end":{"line":39,"column":70}},"22":{"start":{"line":40,"column":6},"end":{"line":43,"column":9}},"23":{"start":{"line":45,"column":4},"end":{"line":45,"column":68}},"24":{"start":{"line":47,"column":4},"end":{"line":47,"column":75}},"25":{"start":{"line":51,"column":30},"end":{"line":55,"column":1}},"26":{"start":{"line":52,"column":2},"end":{"line":54,"column":3}},"27":{"start":{"line":53,"column":4},"end":{"line":53,"column":37}}},"fnMap":{"0":{"name":"(anonymous_0)","decl":{"start":{"line":5,"column":26},"end":{"line":5,"column":27}},"loc":{"start":{"line":5,"column":46},"end":{"line":27,"column":1}},"line":5},"1":{"name":"(anonymous_1)","decl":{"start":{"line":29,"column":21},"end":{"line":29,"column":22}},"loc":{"start":{"line":29,"column":41},"end":{"line":49,"column":1}},"line":29},"2":{"name":"(anonymous_2)","decl":{"start":{"line":51,"column":30},"end":{"line":51,"column":31}},"loc":{"start":{"line":51,"column":49},"end":{"line":55,"column":1}},"line":51}},"branchMap":{"0":{"loc":{"start":{"line":8,"column":4},"end":{"line":10,"column":5}},"type":"if","locations":[{"start":{"line":8,"column":4},"end":{"line":10,"column":5}},{"start":{},"end":{}}],"line":8},"1":{"loc":{"start":{"line":32,"column":4},"end":{"line":34,"column":5}},"type":"if","locations":[{"start":{"line":32,"column":4},"end":{"line":34,"column":5}},{"start":{},"end":{}}],"line":32},"2":{"loc":{"start":{"line":32,"column":10},"end":{"line":32,"column":27}},"type":"binary-expr","locations":[{"start":{"line":32,"column":10},"end":{"line":32,"column":15}},{"start":{"line":32,"column":19},"end":{"line":32,"column":27}}],"line":32},"3":{"loc":{"start":{"line":37,"column":4},"end":{"line":44,"column":5}},"type":"if","locations":[{"start":{"line":37,"column":4},"end":{"line":44,"column":5}},{"start":{},"end":{}}],"line":37},"4":{"loc":{"start":{"line":37,"column":8},"end":{"line":37,"column":33}},"type":"binary-expr","locations":[{"start":{"line":37,"column":8},"end":{"line":37,"column":14}},{"start":{"line":37,"column":18},"end":{"line":37,"column":33}}],"line":37},"5":{"loc":{"start":{"line":52,"column":2},"end":{"line":54,"column":3}},"type":"if","locations":[{"start":{"line":52,"column":2},"end":{"line":54,"column":3}},{"start":{},"end":{}}],"line":52}},"s":{"0":2,"1":8,"2":8,"3":6,"4":2,"5":4,"6":4,"7":4,"8":4,"9":4,"10":4,"11":2,"12":2,"13":8,"14":8,"15":8,"16":2,"17":6,"18":6,"19":4,"20":2,"21":2,"22":2,"23":2,"24":2,"25":2,"26":7,"27":3},"f":{"0":8,"1":8,"2":7},"b":{"0":[2,4],"1":[2,6],"2":[8,6],"3":[2,2],"4":[4,4],"5":[3,4]},"_coverageSchema":"1a1c01bbd47fc00a2c39e90264f33305004495a9","hash":"272f5ca828cdec215f4895386c9432cd9bf533d2"}
,"/Users/silasokpugie/libraryApp.io/models/book.js": {"path":"/Users/silasokpugie/libraryApp.io/models/book.js","statementMap":{"0":{"start":{"line":4,"column":21},"end":{"line":28,"column":1}},"1":{"start":{"line":15,"column":2},"end":{"line":25,"column":5}},"2":{"start":{"line":26,"column":2},"end":{"line":26,"column":84}},"3":{"start":{"line":27,"column":2},"end":{"line":27,"column":14}},"4":{"start":{"line":30,"column":20},"end":{"line":30,"column":57}}},"fnMap":{"0":{"name":"(anonymous_0)","decl":{"start":{"line":4,"column":21},"end":{"line":4,"column":22}},"loc":{"start":{"line":4,"column":47},"end":{"line":28,"column":1}},"line":4},"1":{"name":"(anonymous_1)","decl":{"start":{"line":11,"column":4},"end":{"line":11,"column":5}},"loc":{"start":{"line":11,"column":29},"end":{"line":13,"column":5}},"line":11}},"branchMap":{},"s":{"0":2,"1":4,"2":4,"3":4,"4":2},"f":{"0":4,"1":0},"b":{},"_coverageSchema":"1a1c01bbd47fc00a2c39e90264f33305004495a9","hash":"ac9c25c685b00fc75b7e6e58c7ba84b623aef0cf"}
,"/Users/silasokpugie/libraryApp.io/models/rentedbooks.js": {"path":"/Users/silasokpugie/libraryApp.io/models/rentedbooks.js","statementMap":{"0":{"start":{"line":5,"column":24},"end":{"line":25,"column":1}},"1":{"start":{"line":16,"column":2},"end":{"line":21,"column":5}},"2":{"start":{"line":22,"column":2},"end":{"line":22,"column":117}},"3":{"start":{"line":23,"column":2},"end":{"line":23,"column":118}},"4":{"start":{"line":24,"column":2},"end":{"line":24,"column":21}},"5":{"start":{"line":27,"column":25},"end":{"line":27,"column":65}}},"fnMap":{"0":{"name":"(anonymous_0)","decl":{"start":{"line":5,"column":24},"end":{"line":5,"column":25}},"loc":{"start":{"line":5,"column":50},"end":{"line":25,"column":1}},"line":5},"1":{"name":"(anonymous_1)","decl":{"start":{"line":12,"column":4},"end":{"line":12,"column":5}},"loc":{"start":{"line":12,"column":29},"end":{"line":14,"column":5}},"line":12}},"branchMap":{},"s":{"0":2,"1":2,"2":2,"3":2,"4":2,"5":2},"f":{"0":2,"1":0},"b":{},"_coverageSchema":"1a1c01bbd47fc00a2c39e90264f33305004495a9","hash":"bbf46d3f632ddf7106df9e82168c80cd1bcd8146"}
,"/Users/silasokpugie/libraryApp.io/models/user.js": {"path":"/Users/silasokpugie/libraryApp.io/models/user.js","statementMap":{"0":{"start":{"line":4,"column":41},"end":{"line":4,"column":52}},"1":{"start":{"line":6,"column":25},"end":{"line":8,"column":2}},"2":{"start":{"line":10,"column":21},"end":{"line":30,"column":1}},"3":{"start":{"line":21,"column":2},"end":{"line":28,"column":5}},"4":{"start":{"line":29,"column":2},"end":{"line":29,"column":14}},"5":{"start":{"line":32,"column":20},"end":{"line":32,"column":57}}},"fnMap":{"0":{"name":"(anonymous_0)","decl":{"start":{"line":10,"column":21},"end":{"line":10,"column":22}},"loc":{"start":{"line":10,"column":47},"end":{"line":30,"column":1}},"line":10},"1":{"name":"(anonymous_1)","decl":{"start":{"line":17,"column":4},"end":{"line":17,"column":5}},"loc":{"start":{"line":17,"column":29},"end":{"line":19,"column":5}},"line":17}},"branchMap":{},"s":{"0":2,"1":2,"2":2,"3":8,"4":8,"5":2},"f":{"0":8,"1":0},"b":{},"_coverageSchema":"1a1c01bbd47fc00a2c39e90264f33305004495a9","hash":"93bf0784f1f1f841192c5e4d3e674cc20e6a1ebb"}
,"/Users/silasokpugie/libraryApp.io/routes/books.routes.js": {"path":"/Users/silasokpugie/libraryApp.io/routes/books.routes.js","statementMap":{"0":{"start":{"line":8,"column":19},"end":{"line":8,"column":35}},"1":{"start":{"line":10,"column":0},"end":{"line":10,"column":82}},"2":{"start":{"line":11,"column":0},"end":{"line":11,"column":55}},"3":{"start":{"line":12,"column":0},"end":{"line":12,"column":59}},"4":{"start":{"line":13,"column":0},"end":{"line":13,"column":89}},"5":{"start":{"line":14,"column":0},"end":{"line":14,"column":97}},"6":{"start":{"line":15,"column":0},"end":{"line":15,"column":67}},"7":{"start":{"line":16,"column":0},"end":{"line":16,"column":68}},"8":{"start":{"line":17,"column":0},"end":{"line":17,"column":73}},"9":{"start":{"line":18,"column":0},"end":{"line":18,"column":61}}},"fnMap":{},"branchMap":{},"s":{"0":2,"1":2,"2":2,"3":2,"4":2,"5":2,"6":2,"7":2,"8":2,"9":2},"f":{},"b":{},"_coverageSchema":"1a1c01bbd47fc00a2c39e90264f33305004495a9","hash":"cbb422e36e10fc0464e1f2dcf25d3fd27a6186a7"}
,"/Users/silasokpugie/libraryApp.io/routes/user.routes.js": {"path":"/Users/silasokpugie/libraryApp.io/routes/user.routes.js","statementMap":{"0":{"start":{"line":4,"column":19},"end":{"line":4,"column":35}},"1":{"start":{"line":6,"column":0},"end":{"line":6,"column":49}},"2":{"start":{"line":7,"column":0},"end":{"line":7,"column":44}}},"fnMap":{},"branchMap":{},"s":{"0":2,"1":2,"2":2},"f":{},"b":{},"_coverageSchema":"1a1c01bbd47fc00a2c39e90264f33305004495a9","hash":"cca0525d015f4252561cfb57afebc01c2bc47da4"}
}
