TN:
SF:app.js
FN:22,(anonymous_0)
FNF:1
FNH:0
FNDA:0,(anonymous_0)
DA:10,2
DA:12,2
DA:13,2
DA:14,2
DA:15,2
DA:16,2
DA:17,2
DA:18,2
DA:19,2
DA:20,2
DA:22,2
LF:11
LH:11
BRF:0
BRH:0
end_of_record
TN:
SF:auth/jwtAuthentication.js
FN:3,(anonymous_0)
FN:7,(anonymous_1)
FNF:2
FNH:2
FNDA:19,(anonymous_0)
FNDA:18,(anonymous_1)
DA:3,2
DA:4,19
DA:5,19
DA:7,18
DA:8,18
DA:9,17
DA:10,17
LF:7
LH:7
BRDA:5,0,0,1
BRDA:5,0,1,18
BRDA:8,1,0,1
BRDA:8,1,1,17
BRF:4
BRH:4
end_of_record
TN:
SF:config/database.js
FN:6,(anonymous_0)
FNF:1
FNH:1
FNDA:4,(anonymous_0)
DA:4,2
DA:6,4
DA:8,2
LF:3
LH:3
BRF:0
BRH:0
end_of_record
TN:
SF:controllers/books.controllers.js
FN:15,(anonymous_0)
FN:41,(anonymous_1)
FN:52,(anonymous_2)
FN:61,(anonymous_3)
FN:73,(anonymous_4)
FN:82,(anonymous_5)
FN:90,(anonymous_6)
FN:99,(anonymous_7)
FN:109,(anonymous_8)
FN:135,(anonymous_9)
FN:150,(anonymous_10)
FN:159,(anonymous_11)
FNF:12
FNH:12
FNDA:2,(anonymous_0)
FNDA:1,(anonymous_1)
FNDA:1,(anonymous_2)
FNDA:2,(anonymous_3)
FNDA:1,(anonymous_4)
FNDA:2,(anonymous_5)
FNDA:1,(anonymous_6)
FNDA:1,(anonymous_7)
FNDA:4,(anonymous_8)
FNDA:2,(anonymous_9)
FNDA:1,(anonymous_10)
FNDA:2,(anonymous_11)
DA:7,2
DA:9,2
DA:15,2
DA:16,2
DA:17,2
DA:18,2
DA:31,2
DA:35,0
DA:41,2
DA:42,1
DA:43,1
DA:46,1
DA:48,0
DA:52,2
DA:53,1
DA:54,1
DA:57,1
DA:58,1
DA:61,2
DA:62,2
DA:63,2
DA:64,2
DA:65,1
DA:72,1
DA:73,1
DA:78,1
DA:82,2
DA:83,2
DA:84,2
DA:85,2
DA:86,1
DA:89,1
DA:90,1
DA:95,1
DA:99,2
DA:100,1
DA:101,1
DA:102,1
DA:103,1
DA:105,0
DA:109,2
DA:110,4
DA:111,4
DA:112,4
DA:113,4
DA:117,4
DA:118,2
DA:119,2
DA:120,1
DA:121,1
DA:122,0
DA:124,1
DA:129,1
DA:131,2
DA:135,2
DA:136,2
DA:137,2
DA:138,2
DA:142,2
DA:143,2
DA:146,2
DA:150,1
DA:155,1
DA:159,2
DA:160,2
DA:161,2
DA:162,2
DA:166,2
DA:167,1
DA:174,1
DA:176,1
LF:71
LH:67
BRDA:46,0,0,1
BRDA:46,0,1,0
BRDA:57,1,0,0
BRDA:57,1,1,1
BRDA:119,2,0,1
BRDA:119,2,1,1
BRDA:121,3,0,0
BRDA:121,3,1,1
BRF:8
BRH:5
end_of_record
TN:
SF:controllers/user.controllers.js
FN:5,(anonymous_0)
FN:30,(anonymous_1)
FN:52,(anonymous_2)
FNF:3
FNH:3
FNDA:8,(anonymous_0)
FNDA:8,(anonymous_1)
FNDA:8,(anonymous_2)
DA:5,2
DA:6,8
DA:7,8
DA:8,6
DA:9,2
DA:11,4
DA:12,4
DA:13,4
DA:18,4
DA:19,4
DA:20,4
DA:25,2
DA:26,2
DA:30,2
DA:31,8
DA:32,8
DA:33,8
DA:34,2
DA:36,6
DA:37,6
DA:38,4
DA:39,2
DA:40,2
DA:41,2
DA:46,2
DA:48,2
DA:52,2
DA:53,8
DA:54,3
LF:29
LH:29
BRDA:8,0,0,2
BRDA:8,0,1,4
BRDA:33,1,0,2
BRDA:33,1,1,6
BRDA:33,2,0,8
BRDA:33,2,1,6
BRDA:38,3,0,2
BRDA:38,3,1,2
BRDA:38,4,0,4
BRDA:38,4,1,4
BRDA:53,5,0,3
BRDA:53,5,1,5
BRF:12
BRH:12
end_of_record
TN:
SF:models/book.js
FN:4,(anonymous_0)
FN:11,(anonymous_1)
FNF:2
FNH:1
FNDA:4,(anonymous_0)
FNDA:0,(anonymous_1)
DA:4,2
DA:15,4
DA:26,4
DA:27,4
DA:30,2
LF:5
LH:5
BRF:0
BRH:0
end_of_record
TN:
SF:models/rentedbooks.js
FN:5,(anonymous_0)
FN:12,(anonymous_1)
FNF:2
FNH:1
FNDA:2,(anonymous_0)
FNDA:0,(anonymous_1)
DA:5,2
DA:16,2
DA:22,2
DA:23,2
DA:24,2
DA:27,2
LF:6
LH:6
BRF:0
BRH:0
end_of_record
TN:
SF:models/user.js
FN:6,(anonymous_0)
FN:13,(anonymous_1)
FNF:2
FNH:1
FNDA:8,(anonymous_0)
FNDA:0,(anonymous_1)
DA:4,2
DA:6,2
DA:17,8
DA:25,8
DA:28,2
LF:5
LH:5
BRF:0
BRH:0
end_of_record
TN:
SF:routes/books.routes.js
FNF:0
FNH:0
DA:8,2
DA:10,2
DA:11,2
DA:12,2
DA:13,2
DA:14,2
DA:15,2
DA:16,2
DA:17,2
DA:18,2
LF:10
LH:10
BRF:0
BRH:0
end_of_record
TN:
SF:routes/user.routes.js
FNF:0
FNH:0
DA:4,2
DA:6,2
DA:7,2
LF:3
LH:3
BRF:0
BRH:0
end_of_record
